mode: set
github.com/hairglasses-studio/tmux-mcp/context.go:14.51,14.76 1 1
github.com/hairglasses-studio/tmux-mcp/context.go:15.51,15.95 1 0
github.com/hairglasses-studio/tmux-mcp/context.go:17.73,26.96 1 1
github.com/hairglasses-studio/tmux-mcp/context.go:26.96,34.5 1 0
github.com/hairglasses-studio/tmux-mcp/context.go:41.73,41.87 1 1
github.com/hairglasses-studio/tmux-mcp/context.go:45.49,45.74 1 1
github.com/hairglasses-studio/tmux-mcp/context.go:46.49,46.102 1 0
github.com/hairglasses-studio/tmux-mcp/context.go:48.65,57.93 1 1
github.com/hairglasses-studio/tmux-mcp/context.go:57.93,60.19 3 0
github.com/hairglasses-studio/tmux-mcp/context.go:60.19,62.6 1 0
github.com/hairglasses-studio/tmux-mcp/context.go:63.5,71.11 1 0
github.com/hairglasses-studio/tmux-mcp/context.go:79.62,83.2 3 1
github.com/hairglasses-studio/tmux-mcp/context.go:85.56,89.2 3 1
github.com/hairglasses-studio/tmux-mcp/main.go:29.66,36.2 6 1
github.com/hairglasses-studio/tmux-mcp/main.go:38.46,40.16 2 1
github.com/hairglasses-studio/tmux-mcp/main.go:40.16,42.3 1 1
github.com/hairglasses-studio/tmux-mcp/main.go:43.2,43.20 1 1
github.com/hairglasses-studio/tmux-mcp/main.go:47.33,48.16 1 1
github.com/hairglasses-studio/tmux-mcp/main.go:48.16,50.3 1 1
github.com/hairglasses-studio/tmux-mcp/main.go:51.2,54.44 2 1
github.com/hairglasses-studio/tmux-mcp/main.go:58.54,60.18 2 1
github.com/hairglasses-studio/tmux-mcp/main.go:60.18,62.3 1 1
github.com/hairglasses-studio/tmux-mcp/main.go:63.2,63.16 1 1
github.com/hairglasses-studio/tmux-mcp/main.go:63.16,65.3 1 1
github.com/hairglasses-studio/tmux-mcp/main.go:66.2,66.10 1 1
github.com/hairglasses-studio/tmux-mcp/main.go:261.43,261.60 1 1
github.com/hairglasses-studio/tmux-mcp/main.go:262.43,262.97 1 0
github.com/hairglasses-studio/tmux-mcp/main.go:264.56,271.76 1 1
github.com/hairglasses-studio/tmux-mcp/main.go:271.76,274.18 2 1
github.com/hairglasses-studio/tmux-mcp/main.go:274.18,275.24 1 0
github.com/hairglasses-studio/tmux-mcp/main.go:275.24,277.6 1 0
github.com/hairglasses-studio/tmux-mcp/main.go:278.5,278.96 1 0
github.com/hairglasses-studio/tmux-mcp/main.go:281.4,282.50 2 1
github.com/hairglasses-studio/tmux-mcp/main.go:282.50,283.19 1 1
github.com/hairglasses-studio/tmux-mcp/main.go:283.19,284.14 1 0
github.com/hairglasses-studio/tmux-mcp/main.go:286.5,287.23 2 1
github.com/hairglasses-studio/tmux-mcp/main.go:287.23,288.14 1 0
github.com/hairglasses-studio/tmux-mcp/main.go:290.5,297.7 3 1
github.com/hairglasses-studio/tmux-mcp/main.go:299.4,299.23 1 1
github.com/hairglasses-studio/tmux-mcp/main.go:299.23,301.5 1 0
github.com/hairglasses-studio/tmux-mcp/main.go:302.4,302.54 1 1
github.com/hairglasses-studio/tmux-mcp/main.go:305.2,313.78 2 1
github.com/hairglasses-studio/tmux-mcp/main.go:313.78,316.18 2 1
github.com/hairglasses-studio/tmux-mcp/main.go:316.18,317.24 1 1
github.com/hairglasses-studio/tmux-mcp/main.go:317.24,319.6 1 0
github.com/hairglasses-studio/tmux-mcp/main.go:320.5,320.94 1 1
github.com/hairglasses-studio/tmux-mcp/main.go:323.4,324.50 2 1
github.com/hairglasses-studio/tmux-mcp/main.go:324.50,325.19 1 1
github.com/hairglasses-studio/tmux-mcp/main.go:325.19,326.14 1 0
github.com/hairglasses-studio/tmux-mcp/main.go:328.5,329.23 2 1
github.com/hairglasses-studio/tmux-mcp/main.go:329.23,330.14 1 0
github.com/hairglasses-studio/tmux-mcp/main.go:332.5,341.7 4 1
github.com/hairglasses-studio/tmux-mcp/main.go:343.4,343.22 1 1
github.com/hairglasses-studio/tmux-mcp/main.go:343.22,345.5 1 0
github.com/hairglasses-studio/tmux-mcp/main.go:346.4,349.10 1 1
github.com/hairglasses-studio/tmux-mcp/main.go:352.2,360.74 2 1
github.com/hairglasses-studio/tmux-mcp/main.go:360.74,364.18 3 1
github.com/hairglasses-studio/tmux-mcp/main.go:364.18,365.24 1 0
github.com/hairglasses-studio/tmux-mcp/main.go:365.24,367.6 1 0
github.com/hairglasses-studio/tmux-mcp/main.go:368.5,368.90 1 0
github.com/hairglasses-studio/tmux-mcp/main.go:371.4,372.50 2 1
github.com/hairglasses-studio/tmux-mcp/main.go:372.50,373.19 1 1
github.com/hairglasses-studio/tmux-mcp/main.go:373.19,374.14 1 0
github.com/hairglasses-studio/tmux-mcp/main.go:376.5,377.23 2 1
github.com/hairglasses-studio/tmux-mcp/main.go:377.23,378.14 1 0
github.com/hairglasses-studio/tmux-mcp/main.go:380.5,390.7 5 1
github.com/hairglasses-studio/tmux-mcp/main.go:392.4,392.20 1 1
github.com/hairglasses-studio/tmux-mcp/main.go:392.20,394.5 1 0
github.com/hairglasses-studio/tmux-mcp/main.go:395.4,398.10 1 1
github.com/hairglasses-studio/tmux-mcp/main.go:401.2,409.70 2 1
github.com/hairglasses-studio/tmux-mcp/main.go:409.70,412.18 3 1
github.com/hairglasses-studio/tmux-mcp/main.go:412.18,414.5 1 1
github.com/hairglasses-studio/tmux-mcp/main.go:415.4,417.18 2 1
github.com/hairglasses-studio/tmux-mcp/main.go:417.18,419.5 1 0
github.com/hairglasses-studio/tmux-mcp/main.go:420.4,423.10 1 1
github.com/hairglasses-studio/tmux-mcp/main.go:426.2,436.72 4 1
github.com/hairglasses-studio/tmux-mcp/main.go:436.72,439.18 3 1
github.com/hairglasses-studio/tmux-mcp/main.go:439.18,441.5 1 0
github.com/hairglasses-studio/tmux-mcp/main.go:442.4,445.10 1 1
github.com/hairglasses-studio/tmux-mcp/main.go:448.2,456.76 2 1
github.com/hairglasses-studio/tmux-mcp/main.go:456.76,458.29 2 1
github.com/hairglasses-studio/tmux-mcp/main.go:458.29,460.5 1 0
github.com/hairglasses-studio/tmux-mcp/main.go:461.4,461.27 1 1
github.com/hairglasses-studio/tmux-mcp/main.go:461.27,463.5 1 0
github.com/hairglasses-studio/tmux-mcp/main.go:464.4,465.18 2 1
github.com/hairglasses-studio/tmux-mcp/main.go:465.18,467.5 1 0
github.com/hairglasses-studio/tmux-mcp/main.go:468.4,471.10 1 1
github.com/hairglasses-studio/tmux-mcp/main.go:474.2,482.74 2 1
github.com/hairglasses-studio/tmux-mcp/main.go:482.74,484.24 2 1
github.com/hairglasses-studio/tmux-mcp/main.go:484.24,486.5 1 1
github.com/hairglasses-studio/tmux-mcp/main.go:487.4,487.27 1 1
github.com/hairglasses-studio/tmux-mcp/main.go:487.27,489.5 1 0
github.com/hairglasses-studio/tmux-mcp/main.go:490.4,491.18 2 1
github.com/hairglasses-studio/tmux-mcp/main.go:491.18,493.5 1 0
github.com/hairglasses-studio/tmux-mcp/main.go:494.4,497.10 1 1
github.com/hairglasses-studio/tmux-mcp/main.go:500.2,508.78 2 1
github.com/hairglasses-studio/tmux-mcp/main.go:508.78,510.18 2 1
github.com/hairglasses-studio/tmux-mcp/main.go:510.18,512.5 1 1
github.com/hairglasses-studio/tmux-mcp/main.go:513.4,516.10 1 1
github.com/hairglasses-studio/tmux-mcp/main.go:519.2,528.80 3 1
github.com/hairglasses-studio/tmux-mcp/main.go:528.80,529.24 1 1
github.com/hairglasses-studio/tmux-mcp/main.go:529.24,531.5 1 1
github.com/hairglasses-studio/tmux-mcp/main.go:533.4,534.20 2 1
github.com/hairglasses-studio/tmux-mcp/main.go:534.20,536.5 1 0
github.com/hairglasses-studio/tmux-mcp/main.go:539.4,540.30 2 1
github.com/hairglasses-studio/tmux-mcp/main.go:540.30,542.5 1 0
github.com/hairglasses-studio/tmux-mcp/main.go:543.4,544.28 2 1
github.com/hairglasses-studio/tmux-mcp/main.go:544.28,546.5 1 0
github.com/hairglasses-studio/tmux-mcp/main.go:547.4,555.8 6 1
github.com/hairglasses-studio/tmux-mcp/main.go:555.8,557.19 2 1
github.com/hairglasses-studio/tmux-mcp/main.go:557.19,558.52 1 1
github.com/hairglasses-studio/tmux-mcp/main.go:558.52,559.45 1 1
github.com/hairglasses-studio/tmux-mcp/main.go:559.45,565.8 1 1
github.com/hairglasses-studio/tmux-mcp/main.go:569.5,569.35 1 0
github.com/hairglasses-studio/tmux-mcp/main.go:569.35,574.6 1 0
github.com/hairglasses-studio/tmux-mcp/main.go:576.5,576.12 1 0
github.com/hairglasses-studio/tmux-mcp/main.go:577.23,578.106 1 0
github.com/hairglasses-studio/tmux-mcp/main.go:579.21,579.21 0 0
github.com/hairglasses-studio/tmux-mcp/main.go:584.2,592.78 2 1
github.com/hairglasses-studio/tmux-mcp/main.go:592.78,593.27 1 1
github.com/hairglasses-studio/tmux-mcp/main.go:593.27,595.5 1 1
github.com/hairglasses-studio/tmux-mcp/main.go:597.4,598.18 2 1
github.com/hairglasses-studio/tmux-mcp/main.go:598.18,600.5 1 1
github.com/hairglasses-studio/tmux-mcp/main.go:603.4,605.18 2 1
github.com/hairglasses-studio/tmux-mcp/main.go:605.18,606.24 1 0
github.com/hairglasses-studio/tmux-mcp/main.go:606.24,608.6 1 0
github.com/hairglasses-studio/tmux-mcp/main.go:609.5,609.94 1 0
github.com/hairglasses-studio/tmux-mcp/main.go:612.4,614.56 2 1
github.com/hairglasses-studio/tmux-mcp/main.go:614.56,615.22 1 1
github.com/hairglasses-studio/tmux-mcp/main.go:615.22,616.14 1 0
github.com/hairglasses-studio/tmux-mcp/main.go:618.5,619.26 2 1
github.com/hairglasses-studio/tmux-mcp/main.go:619.26,620.14 1 0
github.com/hairglasses-studio/tmux-mcp/main.go:622.5,628.19 4 1
github.com/hairglasses-studio/tmux-mcp/main.go:628.19,629.14 1 0
github.com/hairglasses-studio/tmux-mcp/main.go:632.5,632.59 1 1
github.com/hairglasses-studio/tmux-mcp/main.go:632.59,633.24 1 1
github.com/hairglasses-studio/tmux-mcp/main.go:633.24,634.15 1 0
github.com/hairglasses-studio/tmux-mcp/main.go:636.6,641.20 4 1
github.com/hairglasses-studio/tmux-mcp/main.go:641.20,642.15 1 0
github.com/hairglasses-studio/tmux-mcp/main.go:645.6,646.56 2 1
github.com/hairglasses-studio/tmux-mcp/main.go:646.56,647.31 1 1
github.com/hairglasses-studio/tmux-mcp/main.go:647.31,649.8 1 1
github.com/hairglasses-studio/tmux-mcp/main.go:652.6,652.31 1 1
github.com/hairglasses-studio/tmux-mcp/main.go:652.31,659.7 1 1
github.com/hairglasses-studio/tmux-mcp/main.go:663.4,663.22 1 1
github.com/hairglasses-studio/tmux-mcp/main.go:663.22,665.5 1 0
github.com/hairglasses-studio/tmux-mcp/main.go:667.4,671.10 1 1
github.com/hairglasses-studio/tmux-mcp/main.go:674.2,683.74 3 1
github.com/hairglasses-studio/tmux-mcp/main.go:683.74,684.27 1 1
github.com/hairglasses-studio/tmux-mcp/main.go:684.27,686.5 1 1
github.com/hairglasses-studio/tmux-mcp/main.go:687.4,687.31 1 1
github.com/hairglasses-studio/tmux-mcp/main.go:687.31,689.5 1 1
github.com/hairglasses-studio/tmux-mcp/main.go:691.4,697.27 5 1
github.com/hairglasses-studio/tmux-mcp/main.go:697.27,699.5 1 1
github.com/hairglasses-studio/tmux-mcp/main.go:702.4,703.62 2 1
github.com/hairglasses-studio/tmux-mcp/main.go:703.62,705.5 1 0
github.com/hairglasses-studio/tmux-mcp/main.go:706.4,706.22 1 1
github.com/hairglasses-studio/tmux-mcp/main.go:706.22,708.5 1 1
github.com/hairglasses-studio/tmux-mcp/main.go:710.4,711.18 2 1
github.com/hairglasses-studio/tmux-mcp/main.go:711.18,713.5 1 0
github.com/hairglasses-studio/tmux-mcp/main.go:714.4,717.66 2 1
github.com/hairglasses-studio/tmux-mcp/main.go:717.66,719.5 1 1
github.com/hairglasses-studio/tmux-mcp/main.go:722.4,722.45 1 1
github.com/hairglasses-studio/tmux-mcp/main.go:722.45,726.22 4 1
github.com/hairglasses-studio/tmux-mcp/main.go:726.22,728.6 1 1
github.com/hairglasses-studio/tmux-mcp/main.go:729.5,729.22 1 1
github.com/hairglasses-studio/tmux-mcp/main.go:729.22,731.6 1 1
github.com/hairglasses-studio/tmux-mcp/main.go:732.5,735.27 3 1
github.com/hairglasses-studio/tmux-mcp/main.go:735.27,737.6 1 1
github.com/hairglasses-studio/tmux-mcp/main.go:741.4,741.29 1 1
github.com/hairglasses-studio/tmux-mcp/main.go:741.29,743.5 1 1
github.com/hairglasses-studio/tmux-mcp/main.go:746.4,746.44 1 1
github.com/hairglasses-studio/tmux-mcp/main.go:746.44,749.23 3 1
github.com/hairglasses-studio/tmux-mcp/main.go:749.23,751.6 1 1
github.com/hairglasses-studio/tmux-mcp/main.go:754.5,755.53 2 1
github.com/hairglasses-studio/tmux-mcp/main.go:755.53,757.6 1 0
github.com/hairglasses-studio/tmux-mcp/main.go:758.5,758.21 1 1
github.com/hairglasses-studio/tmux-mcp/main.go:758.21,760.6 1 1
github.com/hairglasses-studio/tmux-mcp/main.go:762.5,766.57 3 1
github.com/hairglasses-studio/tmux-mcp/main.go:766.57,769.6 2 1
github.com/hairglasses-studio/tmux-mcp/main.go:772.5,772.41 1 1
github.com/hairglasses-studio/tmux-mcp/main.go:772.41,776.23 4 0
github.com/hairglasses-studio/tmux-mcp/main.go:776.23,778.7 1 0
github.com/hairglasses-studio/tmux-mcp/main.go:779.6,779.23 1 0
github.com/hairglasses-studio/tmux-mcp/main.go:779.23,781.7 1 0
github.com/hairglasses-studio/tmux-mcp/main.go:782.6,785.28 3 0
github.com/hairglasses-studio/tmux-mcp/main.go:785.28,788.7 2 0
github.com/hairglasses-studio/tmux-mcp/main.go:792.5,792.25 1 1
github.com/hairglasses-studio/tmux-mcp/main.go:792.25,794.6 1 0
github.com/hairglasses-studio/tmux-mcp/main.go:798.4,804.10 2 1
github.com/hairglasses-studio/tmux-mcp/main.go:807.2,821.3 2 1
github.com/hairglasses-studio/tmux-mcp/main.go:828.13,846.46 8 0
github.com/hairglasses-studio/tmux-mcp/main.go:846.46,849.3 2 0
